<?xml version="1.0" encoding="UTF-8"?>
<!-- Generated by org.testng.reporters.JUnitReportReporter -->
<testsuite hostname="DESKTOP-PHQOQUT" failures="0" tests="3" name="ePack.BasicTest" time="0.021" errors="0" timestamp="2024-03-15T10:10:08 IST" skipped="0">
  <testcase classname="ePack.BasicTest" name="Testlogin" time="0.010"/>
  <system-out/>
  <testcase classname="ePack.BasicTest" name="Testlogin" time="0.002"/>
  <system-out/>
  <testcase classname="ePack.BasicTest" name="Testlogin" time="0.009"/>
  <system-out/>
</testsuite> <!-- ePack.BasicTest -->
