<?xml version="1.0" encoding="UTF-8"?>
<!-- Generated by org.testng.reporters.JUnitReportReporter -->
<testsuite hostname="DESKTOP-PHQOQUT" failures="0" tests="1" name="ePack.Demo" time="4.895" errors="0" timestamp="2024-03-05T12:59:32 IST" skipped="0">
  <testcase classname="ePack.Demo" name="SampleTest" time="4.895"/>
  <system-out/>
</testsuite> <!-- ePack.Demo -->
