<?xml version="1.0" encoding="UTF-8"?>
<!-- Generated by org.testng.reporters.JUnitReportReporter -->
<testsuite hostname="DESKTOP-PHQOQUT" failures="0" tests="1" name="tests.TestTwo" time="11.424" errors="0" timestamp="2024-03-16T18:40:47 IST" skipped="0">
  <testcase classname="tests.TestTwo" name="testTwo" time="11.424"/>
  <system-out/>
</testsuite> <!-- tests.TestTwo -->
