<?xml version="1.0" encoding="UTF-8"?>
<!-- Generated by org.testng.reporters.JUnitReportReporter -->
<testsuite hostname="DESKTOP-PHQOQUT" failures="0" tests="2" name="tests.LoginTest" time="22.669" errors="0" timestamp="2024-03-16T18:42:43 IST" skipped="0">
  <testcase classname="tests.LoginTest" name="Login" time="18.204"/>
  <system-out/>
  <testcase classname="tests.LoginTest" name="Login" time="4.465"/>
  <system-out/>
</testsuite> <!-- tests.LoginTest -->
