<?xml version="1.0" encoding="UTF-8"?>
<!-- Generated by org.testng.reporters.JUnitReportReporter -->
<testsuite hostname="DESKTOP-PHQOQUT" failures="0" tests="1" name="ePack.DemoOneTest" time="4.519" errors="0" timestamp="2024-03-08T12:23:28 IST" skipped="0">
  <testcase classname="ePack.DemoOneTest" name="SampleTest" time="4.519"/>
  <system-out/>
</testsuite> <!-- ePack.DemoOneTest -->
