<?xml version="1.0" encoding="UTF-8"?>
<!-- Generated by org.testng.reporters.JUnitReportReporter -->
<testsuite hostname="DESKTOP-PHQOQUT" failures="0" tests="2" name="tests.LoginTest" time="17.966" errors="0" timestamp="2024-03-16T13:53:20 IST" skipped="0">
  <testcase classname="tests.LoginTest" name="Login" time="13.828"/>
  <system-out/>
  <testcase classname="tests.LoginTest" name="Login" time="4.138"/>
  <system-out/>
</testsuite> <!-- tests.LoginTest -->
