<?xml version="1.0" encoding="UTF-8"?>
<!-- Generated by org.testng.reporters.JUnitReportReporter -->
<testsuite hostname="DESKTOP-PHQOQUT" failures="0" tests="1" name="ePack.DemoOneTest" time="4.265" errors="0" timestamp="2024-03-05T13:08:55 IST" skipped="0">
  <testcase classname="ePack.DemoOneTest" name="SampleTest" time="4.265"/>
  <system-out/>
</testsuite> <!-- ePack.DemoOneTest -->
