<?xml version="1.0" encoding="UTF-8"?>
<!-- Generated by org.testng.reporters.JUnitReportReporter -->
<testsuite hostname="DESKTOP-PHQOQUT" failures="0" tests="1" name="tests.TestTwo" time="5.895" errors="0" timestamp="2024-03-16T13:53:20 IST" skipped="0">
  <testcase classname="tests.TestTwo" name="testTwo" time="5.895"/>
  <system-out/>
</testsuite> <!-- tests.TestTwo -->
