<?xml version="1.0" encoding="UTF-8"?>
<!-- Generated by org.testng.reporters.JUnitReportReporter -->
<testsuite hostname="DESKTOP-PHQOQUT" failures="0" tests="1" name="tests.ThreeTest" time="5.182" errors="0" timestamp="2024-03-16T13:53:20 IST" skipped="0">
  <testcase classname="tests.ThreeTest" name="testThree" time="5.182"/>
  <system-out/>
</testsuite> <!-- tests.ThreeTest -->
